[01:43:09] [Server thread/WARN]: QuietSk8er46 moved too quickly! 1195.4060255304835,53.0,-1544.190473200164
[01:47:52] [Server thread/WARN]: Can't keep up! Did the system time change, or is the server overloaded? Running 2130ms behind, skipping 42 tick(s)
[01:47:52] [Server thread/WARN]: QuietSk8er46 moved too quickly! -2103.939509965575,-82.0,3768.9962657058395
[01:49:29] [Server thread/WARN]: QuietSk8er46 moved too quickly! 2505.179251467968,11.5,-4295.797067147337
[01:50:07] [Server thread/WARN]: QuietSk8er46 moved wrongly!
[01:52:23] [Server thread/INFO]: QuietSk8er46 lost connection: TextComponent{text='Disconnected', siblings=[], style=Style{hasParent=false, color=null, bold=null, italic=null, underlined=null, obfuscated=null, clickEvent=null, hoverEvent=null, insertion=null}}
[01:52:23] [Server thread/INFO]: QuietSk8er46 left the game
[01:52:25] [User Authenticator #47/INFO]: UUID of player QuietSk8er46 is 694ae34b-5b1f-4424-ad97-1fc06cb3e6f5
[01:52:25] [Server thread/INFO]: QuietSk8er46[/71.81.208.163:52538] logged in with entity id 74052159 at (268.10505413723234, 2.0, 4.587326924400164)
[01:52:25] [Server thread/INFO]: QuietSk8er46 joined the game
[02:29:16] [Server thread/WARN]: QuietSk8er46 moved too quickly! 1195.6022119354416,53.0,-1544.6946638796762
[02:35:36] [Server thread/WARN]: QuietSk8er46 moved too quickly! -1195.6942567020185,-53.0,1544.6029503062744
[02:36:49] [Server thread/WARN]: QuietSk8er46 moved too quickly! 1195.6311741395123,53.0,-1544.2950249999574
[02:41:31] [Server thread/WARN]: Pabrig's 'Orse moved wrongly!
[02:41:31] [Server thread/WARN]: Pabrig's 'Orse moved wrongly!
[02:42:25] [Server thread/WARN]: QuietSk8er46 moved too quickly! -1195.661891067711,-53.0,1544.4317781867267
[02:46:37] [Server thread/WARN]: QuietSk8er46 moved too quickly! 1195.5962593894535,53.0,-1544.3951092569762
[02:49:01] [Server thread/WARN]: Can't keep up! Did the system time change, or is the server overloaded? Running 2145ms behind, skipping 42 tick(s)
[02:49:01] [Server thread/WARN]: QuietSk8er46 moved too quickly! -2104.1058620896692,-82.0,3769.174846381624
[02:49:13] [Server thread/WARN]: QuietSk8er46 moved too quickly! 2505.2771834095843,11.5,-4295.776047534759
[02:56:52] [Server thread/INFO]: QuietSk8er46 lost connection: TextComponent{text='Disconnected', siblings=[], style=Style{hasParent=false, color=null, bold=null, italic=null, underlined=null, obfuscated=null, clickEvent=null, hoverEvent=null, insertion=null}}
[02:56:52] [Server thread/INFO]: QuietSk8er46 left the game
